[2026-04-28 09:24:36] loading Rmd functions from  estimate_r_ss.Rmd 
[2026-04-28 09:24:37] loading udpipe models 
[2026-04-28 09:24:37] loaded udpipe model:  english 
[2026-04-28 09:24:38] loaded udpipe model:  french 
[2026-04-28 09:24:39] loaded udpipe model:  italian 
[2026-04-28 09:24:40] loaded udpipe model:  finnish 
[2026-04-28 09:24:41] loaded udpipe model:  german 
[2026-04-28 09:24:42] loaded udpipe model:  spanish 
[2026-04-28 09:24:42] loaded udpipe model:  indonesian 
[2026-04-28 09:24:43] loaded udpipe model:  chinese-gsd 
[2026-04-28 09:24:44] loaded udpipe model:  russian 
[2026-04-28 09:24:44] loaded udpipe model:  dutch 
[2026-04-28 09:24:45] loaded udpipe model:  portuguese 
[2026-04-28 09:24:45] loaded udpipe model:  chinese 
[2026-04-28 09:24:46] loaded udpipe model:  croatian 
[2026-04-28 09:24:47] loaded udpipe model:  chinese-gsds 
[2026-04-28 09:24:47] loaded udpipe model:  turkish 
[2026-04-28 09:24:48] loaded udpipe model:  persian 
[2026-04-28 09:24:49] using shard  1 / 2  with  18  jobs 
[2026-04-28 09:24:49] start  janschewitz  ->  simulations/janschewitz.rds 
