[2026-04-28 12:03:25] loading shared functions from functions.R 
[2026-04-28 12:03:25] loading udpipe models 
[2026-04-28 12:03:26] loaded udpipe model:  english 
[2026-04-28 12:03:27] loaded udpipe model:  french 
[2026-04-28 12:03:27] loaded udpipe model:  italian 
[2026-04-28 12:03:28] loaded udpipe model:  finnish 
[2026-04-28 12:03:29] loaded udpipe model:  german 
[2026-04-28 12:03:30] loaded udpipe model:  spanish 
[2026-04-28 12:03:31] loaded udpipe model:  indonesian 
[2026-04-28 12:03:32] loaded udpipe model:  chinese-gsd 
[2026-04-28 12:03:32] loaded udpipe model:  russian 
[2026-04-28 12:03:33] loaded udpipe model:  dutch 
[2026-04-28 12:03:34] loaded udpipe model:  portuguese 
[2026-04-28 12:03:34] loaded udpipe model:  chinese 
[2026-04-28 12:03:35] loaded udpipe model:  croatian 
[2026-04-28 12:03:36] loaded udpipe model:  chinese-gsds 
[2026-04-28 12:03:36] loaded udpipe model:  turkish 
[2026-04-28 12:03:37] loaded udpipe model:  persian 
[2026-04-28 12:03:38] start  janschewitz  ->  simulations/pilot/janschewitz.rds 
[2026-04-28 12:06:13] done  janschewitz  ->  simulations/pilot/janschewitz.rds 
[2026-04-28 12:06:13] start  desrochers  ->  simulations/pilot/desrochers.rds 
[2026-04-28 12:21:44] done  desrochers  ->  simulations/pilot/desrochers.rds 
[2026-04-28 12:21:44] start  dellarosa  ->  simulations/pilot/dellarosa.rds 
[2026-04-28 12:23:59] done  dellarosa  ->  simulations/pilot/dellarosa.rds 
[2026-04-28 12:23:59] start  desrochers10  ->  simulations/pilot/desrochers10.rds 
[2026-04-28 12:39:37] done  desrochers10  ->  simulations/pilot/desrochers10.rds 
[2026-04-28 12:39:37] start  eilola  ->  simulations/pilot/eilola_finnish.rds 
[2026-04-28 12:40:54] done  eilola  ->  simulations/pilot/eilola_finnish.rds 
[2026-04-28 12:40:54] start  eilola  ->  simulations/pilot/eilola_english.rds 
[2026-04-28 12:41:59] done  eilola  ->  simulations/pilot/eilola_english.rds 
[2026-04-28 12:41:59] start  schroder  ->  simulations/pilot/schroder.rds 
[2026-04-28 12:46:08] done  schroder  ->  simulations/pilot/schroder.rds 
[2026-04-28 12:46:08] start  ferre  ->  simulations/pilot/ferre.rds 
[2026-04-28 12:48:21] done  ferre  ->  simulations/pilot/ferre.rds 
[2026-04-28 12:48:21] start  montefinese14  ->  simulations/pilot/montefinese14.rds 
[2026-04-28 12:53:25] done  montefinese14  ->  simulations/pilot/montefinese14.rds 
[2026-04-28 12:53:25] start  moreno  ->  simulations/pilot/moreno.rds 
[2026-04-28 12:57:16] done  moreno  ->  simulations/pilot/moreno.rds 
[2026-04-28 12:57:16] start  guasch  ->  simulations/pilot/guasch.rds 
[2026-04-28 13:03:28] done  guasch  ->  simulations/pilot/guasch.rds 
[2026-04-28 13:03:28] start  hinojosa  ->  simulations/pilot/hinojosa.rds 
[2026-04-28 13:07:09] done  hinojosa  ->  simulations/pilot/hinojosa.rds 
[2026-04-28 13:07:09] start  sianipar  ->  simulations/pilot/sianipar.rds 
[2026-04-28 13:13:16] done  sianipar  ->  simulations/pilot/sianipar.rds 
[2026-04-28 13:13:16] start  soares  ->  simulations/pilot/soares.rds 
[2026-04-28 13:29:26] done  soares  ->  simulations/pilot/soares.rds 
[2026-04-28 13:29:26] start  yee  ->  simulations/pilot/yee.rds 
[2026-04-28 13:30:35] done  yee  ->  simulations/pilot/yee.rds 
[2026-04-28 13:30:35] start  chedid  ->  simulations/pilot/chedid.rds 
[2026-04-28 13:45:36] done  chedid  ->  simulations/pilot/chedid.rds 
[2026-04-28 13:45:36] start  bonin  ->  simulations/pilot/bonin.rds 
[2026-04-28 13:47:45] done  bonin  ->  simulations/pilot/bonin.rds 
[2026-04-28 13:47:45] start  yao  ->  simulations/pilot/yao.rds 
[2026-04-28 13:52:31] done  yao  ->  simulations/pilot/yao.rds 
[2026-04-28 13:52:31] start  mikla  ->  simulations/pilot/mikla.rds 
[2026-04-28 13:55:08] done  mikla  ->  simulations/pilot/mikla.rds 
[2026-04-28 13:55:08] start  scott  ->  simulations/pilot/scott.rds 
[2026-04-28 14:16:38] done  scott  ->  simulations/pilot/scott.rds 
[2026-04-28 14:16:38] start  verheyen  ->  simulations/pilot/verheyen.rds 
[2026-04-28 14:20:58] done  verheyen  ->  simulations/pilot/verheyen.rds 
[2026-04-28 14:20:58] start  lima  ->  simulations/pilot/lima.rds 
[2026-04-28 14:21:37] done  lima  ->  simulations/pilot/lima.rds 
[2026-04-28 14:21:37] start  liu  ->  simulations/pilot/liu.rds 
[2026-04-28 14:31:47] done  liu  ->  simulations/pilot/liu.rds 
[2026-04-28 14:31:47] start  petit  ->  simulations/pilot/petit.rds 
[2026-04-28 14:55:22] done  petit  ->  simulations/pilot/petit.rds 
[2026-04-28 14:55:22] start  ballot  ->  simulations/pilot/ballot.rds 
[2026-04-28 15:00:09] done  ballot  ->  simulations/pilot/ballot.rds 
[2026-04-28 15:00:09] start  sarli  ->  simulations/pilot/sarli.rds 
[2026-04-28 15:04:41] done  sarli  ->  simulations/pilot/sarli.rds 
[2026-04-28 15:04:41] start  raslescu  ->  simulations/pilot/raslescu.rds 
[2026-04-28 15:06:23] done  raslescu  ->  simulations/pilot/raslescu.rds 
[2026-04-28 15:06:23] start  su  ->  simulations/pilot/su.rds 
[2026-04-28 15:57:07] loading shared functions from functions.R 
[2026-04-28 15:57:07] loading udpipe models 
[2026-04-28 15:57:08] loaded udpipe model:  english 
[2026-04-28 15:57:09] loaded udpipe model:  italian 
[2026-04-28 15:57:09] loaded udpipe model:  dutch 
[2026-04-28 15:57:10] loaded udpipe model:  french 
[2026-04-28 15:57:11] loaded udpipe model:  finnish 
[2026-04-28 15:57:12] loaded udpipe model:  german 
[2026-04-28 15:57:13] loaded udpipe model:  spanish 
[2026-04-28 15:57:14] loaded udpipe model:  indonesian 
[2026-04-28 15:57:14] loaded udpipe model:  chinese-gsd 
[2026-04-28 15:57:15] loaded udpipe model:  russian 
[2026-04-28 15:57:15] loaded udpipe model:  portuguese 
[2026-04-28 15:57:16] loaded udpipe model:  chinese 
[2026-04-28 15:57:17] loaded udpipe model:  croatian 
[2026-04-28 15:57:17] loaded udpipe model:  chinese-gsds 
[2026-04-28 15:57:18] loaded udpipe model:  turkish 
[2026-04-28 15:57:18] loaded udpipe model:  persian 
[2026-04-28 15:57:20] start  zechmeister  ->  simulations/pilot/zechmeister.rds 
[2026-04-28 15:57:20] imported  zechmeister  rows:  192 
[2026-04-28 15:58:25] done  zechmeister  ->  simulations/pilot/zechmeister.rds 
[2026-04-28 15:58:25] start  gilhooly  ->  simulations/pilot/gilhooly.rds 
[2026-04-28 15:58:25] imported  gilhooly  rows:  205 
[2026-04-28 15:59:19] done  gilhooly  ->  simulations/pilot/gilhooly.rds 
[2026-04-28 15:59:19] start  surprenant  ->  simulations/pilot/surprenant.rds 
[2026-04-28 15:59:19] imported  surprenant  rows:  199 
[2026-04-28 16:00:36] done  surprenant  ->  simulations/pilot/surprenant.rds 
[2026-04-28 16:00:36] start  barca  ->  simulations/pilot/barca.rds 
[2026-04-28 16:00:36] imported  barca  rows:  626 
[2026-04-28 16:03:16] done  barca  ->  simulations/pilot/barca.rds 
[2026-04-28 16:03:16] start  morrow  ->  simulations/pilot/morrow_old.rds 
[2026-04-28 16:03:16] imported  morrow  rows:  889 
[2026-04-28 16:07:21] done  morrow  ->  simulations/pilot/morrow_old.rds 
[2026-04-28 16:07:21] start  morrow  ->  simulations/pilot/morrow_young.rds 
[2026-04-28 16:07:21] imported  morrow  rows:  889 
[2026-04-28 16:11:25] done  morrow  ->  simulations/pilot/morrow_young.rds 
[2026-04-28 16:11:25] start  dedeyne  ->  simulations/pilot/dedeyne.rds 
[2026-04-28 16:11:25] imported  dedeyne  rows:  668 
[2026-04-28 16:13:45] done  dedeyne  ->  simulations/pilot/dedeyne.rds 
[2026-04-28 16:13:45] start  ferrand  ->  simulations/pilot/ferrand.rds 
[2026-04-28 16:13:45] imported  ferrand  rows:  1493 
[2026-04-28 16:13:45] sampling  1000  rows for  ferrand  test run 
[2026-04-28 16:17:46] done  ferrand  ->  simulations/pilot/ferrand.rds 
[2026-04-28 16:17:46] skip  janschewitz  -> existing  simulations/pilot/janschewitz.rds 
[2026-04-28 16:17:46] skip  desrochers  -> existing  simulations/pilot/desrochers.rds 
[2026-04-28 16:17:46] skip  dellarosa  -> existing  simulations/pilot/dellarosa.rds 
[2026-04-28 16:17:46] skip  desrochers10  -> existing  simulations/pilot/desrochers10.rds 
[2026-04-28 16:17:46] skip  eilola  -> existing  simulations/pilot/eilola_finnish.rds 
[2026-04-28 16:17:46] skip  eilola  -> existing  simulations/pilot/eilola_english.rds 
[2026-04-28 16:17:46] skip  schroder  -> existing  simulations/pilot/schroder.rds 
[2026-04-28 16:17:46] skip  ferre  -> existing  simulations/pilot/ferre.rds 
[2026-04-28 16:17:46] skip  montefinese14  -> existing  simulations/pilot/montefinese14.rds 
[2026-04-28 16:17:46] skip  moreno  -> existing  simulations/pilot/moreno.rds 
[2026-04-28 16:17:46] skip  guasch  -> existing  simulations/pilot/guasch.rds 
[2026-04-28 16:17:46] skip  hinojosa  -> existing  simulations/pilot/hinojosa.rds 
[2026-04-28 16:17:46] skip  sianipar  -> existing  simulations/pilot/sianipar.rds 
[2026-04-28 16:17:46] skip  soares  -> existing  simulations/pilot/soares.rds 
[2026-04-28 16:17:46] skip  yee  -> existing  simulations/pilot/yee.rds 
[2026-04-28 16:17:46] skip  chedid  -> existing  simulations/pilot/chedid.rds 
[2026-04-28 16:17:46] skip  bonin  -> existing  simulations/pilot/bonin.rds 
[2026-04-28 16:17:46] skip  yao  -> existing  simulations/pilot/yao.rds 
[2026-04-28 16:17:46] skip  mikla  -> existing  simulations/pilot/mikla.rds 
[2026-04-28 16:17:46] skip  scott  -> existing  simulations/pilot/scott.rds 
[2026-04-28 16:17:46] skip  verheyen  -> existing  simulations/pilot/verheyen.rds 
[2026-04-28 16:17:46] skip  lima  -> existing  simulations/pilot/lima.rds 
[2026-04-28 16:17:46] skip  liu  -> existing  simulations/pilot/liu.rds 
[2026-04-28 16:17:46] skip  petit  -> existing  simulations/pilot/petit.rds 
[2026-04-28 16:17:46] skip  ballot  -> existing  simulations/pilot/ballot.rds 
[2026-04-28 16:17:46] skip  sarli  -> existing  simulations/pilot/sarli.rds 
[2026-04-28 16:17:46] skip  raslescu  -> existing  simulations/pilot/raslescu.rds 
[2026-04-28 16:17:46] start  su  ->  simulations/pilot/su.rds 
[2026-04-28 16:17:46] imported  su  rows:  24325 
[2026-04-28 16:17:46] sampling  1000  rows for  su  test run 
[2026-04-28 16:22:14] done  su  ->  simulations/pilot/su.rds 
[2026-04-28 16:22:14] start  chan  ->  simulations/pilot/chan.rds 
[2026-04-28 16:22:14] imported  chan  rows:  25281 
[2026-04-28 16:22:14] sampling  1000  rows for  chan  test run 
[2026-04-28 16:26:02] done  chan  ->  simulations/pilot/chan.rds 
[2026-04-28 16:26:02] start  conca  ->  simulations/pilot/conca.rds 
[2026-04-28 16:26:02] imported  conca  rows:  503 
[2026-04-28 16:28:35] done  conca  ->  simulations/pilot/conca.rds 
[2026-04-28 16:28:35] start  falcinelli  ->  simulations/pilot/falcinelli.rds 
[2026-04-28 16:28:35] imported  falcinelli  rows:  200 
[2026-04-28 16:30:01] done  falcinelli  ->  simulations/pilot/falcinelli.rds 
[2026-04-28 16:30:01] start  falcinelli  ->  simulations/pilot/falcinelli_freq.rds 
[2026-04-28 16:30:01] imported  falcinelli  rows:  200 
[2026-04-28 16:32:29] done  falcinelli  ->  simulations/pilot/falcinelli_freq.rds 
[2026-04-28 16:32:29] start  mahjou  ->  simulations/pilot/mahjou.rds 
[2026-04-28 16:32:29] imported  mahjou  rows:  718 
[2026-04-28 16:38:42] done  mahjou  ->  simulations/pilot/mahjou.rds 
[2026-04-28 16:38:42] start  borsa  ->  simulations/pilot/borsa.rds 
[2026-04-28 16:38:42] imported  borsa  rows:  964 
[2026-04-28 16:42:57] done  borsa  ->  simulations/pilot/borsa.rds 
[2026-04-28 16:42:57] start  kraljevic  ->  simulations/pilot/kraljevic.rds 
[2026-04-28 16:42:57] imported  kraljevic  rows:  2873 
[2026-04-28 16:42:57] sampling  1000  rows for  kraljevic  test run 
[2026-04-28 16:45:55] done  kraljevic  ->  simulations/pilot/kraljevic.rds 
[2026-04-28 16:45:55] pilot manifest written 
[2026-04-28 19:39:41] loading shared functions from functions.R 
[2026-04-28 19:39:41] loading udpipe models 
[2026-04-28 19:39:41] loaded udpipe model:  english 
[2026-04-28 19:39:42] loaded udpipe model:  italian 
[2026-04-28 19:39:43] loaded udpipe model:  dutch 
[2026-04-28 19:39:44] loaded udpipe model:  french 
[2026-04-28 19:39:44] loaded udpipe model:  finnish 
[2026-04-28 19:39:45] loaded udpipe model:  german 
[2026-04-28 19:39:46] loaded udpipe model:  spanish 
[2026-04-28 19:39:47] loaded udpipe model:  indonesian 
[2026-04-28 19:39:47] loaded udpipe model:  chinese-gsd 
[2026-04-28 19:39:48] loaded udpipe model:  russian 
[2026-04-28 19:39:49] loaded udpipe model:  portuguese 
[2026-04-28 19:39:49] loaded udpipe model:  chinese 
[2026-04-28 19:39:50] loaded udpipe model:  croatian 
[2026-04-28 19:39:50] loaded udpipe model:  chinese-gsds 
[2026-04-28 19:39:51] loaded udpipe model:  turkish 
[2026-04-28 19:39:51] loaded udpipe model:  persian 
[2026-04-28 19:39:53] skip  zechmeister  -> existing  simulations/pilot/zechmeister.rds 
[2026-04-28 19:39:53] skip  gilhooly  -> existing  simulations/pilot/gilhooly.rds 
[2026-04-28 19:39:53] skip  surprenant  -> existing  simulations/pilot/surprenant.rds 
[2026-04-28 19:39:53] skip  barca  -> existing  simulations/pilot/barca.rds 
[2026-04-28 19:39:53] skip  morrow  -> existing  simulations/pilot/morrow_old.rds 
[2026-04-28 19:39:53] skip  morrow  -> existing  simulations/pilot/morrow_young.rds 
[2026-04-28 19:39:53] skip  dedeyne  -> existing  simulations/pilot/dedeyne.rds 
[2026-04-28 19:39:53] skip  ferrand  -> existing  simulations/pilot/ferrand.rds 
[2026-04-28 19:39:53] skip  janschewitz  -> existing  simulations/pilot/janschewitz.rds 
[2026-04-28 19:39:53] skip  desrochers  -> existing  simulations/pilot/desrochers.rds 
[2026-04-28 19:39:53] start  dellarosa  ->  simulations/pilot/dellarosa.rds 
[2026-04-28 19:39:53] imported  dellarosa  rows:  417 
[2026-04-28 19:42:08] done  dellarosa  ->  simulations/pilot/dellarosa.rds 
[2026-04-28 19:42:08] skip  desrochers10  -> existing  simulations/pilot/desrochers10.rds 
[2026-04-28 19:42:08] skip  eilola  -> existing  simulations/pilot/eilola_finnish.rds 
[2026-04-28 19:42:08] skip  eilola  -> existing  simulations/pilot/eilola_english.rds 
[2026-04-28 19:42:08] skip  schroder  -> existing  simulations/pilot/schroder.rds 
[2026-04-28 19:42:08] skip  ferre  -> existing  simulations/pilot/ferre.rds 
[2026-04-28 19:42:08] skip  montefinese14  -> existing  simulations/pilot/montefinese14.rds 
[2026-04-28 19:42:08] skip  moreno  -> existing  simulations/pilot/moreno.rds 
[2026-04-28 19:42:08] skip  guasch  -> existing  simulations/pilot/guasch.rds 
[2026-04-28 19:42:08] skip  hinojosa  -> existing  simulations/pilot/hinojosa.rds 
[2026-04-28 19:42:08] skip  sianipar  -> existing  simulations/pilot/sianipar.rds 
[2026-04-28 19:42:08] skip  soares  -> existing  simulations/pilot/soares.rds 
[2026-04-28 19:42:08] skip  yee  -> existing  simulations/pilot/yee.rds 
[2026-04-28 19:42:08] skip  chedid  -> existing  simulations/pilot/chedid.rds 
[2026-04-28 19:42:08] skip  bonin  -> existing  simulations/pilot/bonin.rds 
[2026-04-28 19:42:08] skip  yao  -> existing  simulations/pilot/yao.rds 
[2026-04-28 19:42:08] skip  mikla  -> existing  simulations/pilot/mikla.rds 
[2026-04-28 19:42:08] skip  scott  -> existing  simulations/pilot/scott.rds 
[2026-04-28 19:42:08] skip  verheyen  -> existing  simulations/pilot/verheyen.rds 
[2026-04-28 19:42:08] skip  lima  -> existing  simulations/pilot/lima.rds 
[2026-04-28 19:42:08] skip  liu  -> existing  simulations/pilot/liu.rds 
[2026-04-28 19:42:08] skip  petit  -> existing  simulations/pilot/petit.rds 
[2026-04-28 19:42:08] skip  ballot  -> existing  simulations/pilot/ballot.rds 
[2026-04-28 19:42:08] skip  sarli  -> existing  simulations/pilot/sarli.rds 
[2026-04-28 19:42:08] skip  raslescu  -> existing  simulations/pilot/raslescu.rds 
[2026-04-28 19:42:08] skip  su  -> existing  simulations/pilot/su.rds 
[2026-04-28 19:42:08] skip  chan  -> existing  simulations/pilot/chan.rds 
[2026-04-28 19:42:08] skip  conca  -> existing  simulations/pilot/conca.rds 
[2026-04-28 19:42:08] skip  falcinelli  -> existing  simulations/pilot/falcinelli.rds 
[2026-04-28 19:42:08] skip  falcinelli  -> existing  simulations/pilot/falcinelli_freq.rds 
[2026-04-28 19:42:08] skip  mahjou  -> existing  simulations/pilot/mahjou.rds 
[2026-04-28 19:42:08] skip  borsa  -> existing  simulations/pilot/borsa.rds 
[2026-04-28 19:42:08] skip  kraljevic  -> existing  simulations/pilot/kraljevic.rds 
[2026-04-28 19:42:08] pilot manifest written 
