[2026-06-19 14:59:01] starting extension run for  4  jobs 
[2026-06-19 14:59:01] loading udpipe models 
[2026-06-19 14:59:02] loaded udpipe model:  spanish 
[2026-06-19 14:59:03] loaded udpipe model:  english 
[2026-06-19 14:59:03] loaded udpipe model:  chinese-gsd 
[2026-06-19 14:59:04] loaded udpipe model:  croatian 
[2026-06-19 14:59:07] extend  guasch  ( guasch.rds )  start= 20  stop= 200  nsim=100 
[2026-06-19 14:59:07] start  guasch  ->  simulations/refined/guasch.rds 
[2026-06-19 14:59:07] imported  guasch  rows:  1400 
[2026-06-19 14:59:07] sampling  1000  rows for  guasch  test run 
[2026-06-19 15:28:54] done  guasch  ->  simulations/refined/guasch.rds 
[2026-06-19 15:28:54] extend  raslescu  ( raslescu.rds )  start= 240  stop= 800  nsim=100 
[2026-06-19 15:28:54] start  raslescu  ->  simulations/refined/raslescu.rds 
[2026-06-19 15:28:54] imported  raslescu  rows:  300 
[2026-06-20 07:10:10] error  raslescu :  vector memory limit of 128.0 Gb reached, see mem.maxVSize() 
[2026-06-20 07:10:10] extend  chan  ( chan.rds )  start= 20  stop= 300  nsim=100 
[2026-06-20 07:10:10] start  chan  ->  simulations/refined/chan.rds 
[2026-06-20 07:10:10] imported  chan  rows:  25281 
[2026-06-20 07:10:10] sampling  1000  rows for  chan  test run 
[2026-06-22 10:58:01] starting extension run for  3  jobs 
[2026-06-22 10:58:01] loading udpipe models 
[2026-06-22 10:58:02] loaded udpipe model:  english 
[2026-06-22 10:58:03] loaded udpipe model:  chinese-gsd 
[2026-06-22 10:58:03] loaded udpipe model:  croatian 
[2026-06-22 10:58:05] extend  raslescu  ( raslescu.rds )  start= 240  stop= 500  nsim=100 
[2026-06-22 10:58:05] start  raslescu  ->  simulations/refined/raslescu.rds 
[2026-06-22 10:58:05] imported  raslescu  rows:  300 
[2026-06-22 11:10:00] done  raslescu  ->  simulations/refined/raslescu.rds 
[2026-06-22 11:10:00] extend  chan  ( chan.rds )  start= 20  stop= 300  nsim=100 
[2026-06-22 11:10:00] start  chan  ->  simulations/refined/chan.rds 
[2026-06-22 11:10:00] imported  chan  rows:  25281 
[2026-06-22 11:10:00] sampling  1000  rows for  chan  test run 
[2026-06-22 14:26:39] starting extension run for  2  jobs 
[2026-06-22 14:26:39] loading udpipe models 
[2026-06-22 14:26:39] loaded udpipe model:  chinese-gsd 
[2026-06-22 14:26:40] loaded udpipe model:  croatian 
[2026-06-22 14:26:42] extend  chan  ( chan.rds )  start= 20  stop= 300  nsim=100 
[2026-06-22 14:26:42] start  chan  ->  simulations/refined/chan.rds 
[2026-06-22 14:26:42] imported  chan  rows:  25281 
[2026-06-22 14:26:42] sampling  1000  rows for  chan  test run 
[2026-06-22 16:27:43] starting extension run for  2  jobs 
[2026-06-22 16:27:43] loading udpipe models 
[2026-06-22 16:27:44] loaded udpipe model:  chinese-gsd 
[2026-06-22 16:27:44] loaded udpipe model:  croatian 
[2026-06-22 16:27:46] extend  chan  ( chan.rds )  start= 20  stop= 300  nsim=100 
[2026-06-22 16:27:46] start  chan  ->  simulations/refined/chan.rds 
[2026-06-22 16:27:46] imported  chan  rows:  25281 
[2026-06-22 16:27:46] sampling  1000  rows for  chan  test run 
[2026-06-22 16:56:59] done  chan  ->  simulations/refined/chan.rds 
[2026-06-22 16:56:59] extend  kraljevic  ( kraljevic.rds )  start= 60  stop= 500  nsim=100 
[2026-06-22 16:56:59] start  kraljevic  ->  simulations/refined/kraljevic.rds 
[2026-06-22 16:56:59] imported  kraljevic  rows:  2873 
[2026-06-22 16:56:59] sampling  1000  rows for  kraljevic  test run 
[2026-06-22 19:09:42] starting extension run for  1  jobs 
[2026-06-22 19:09:42] loading udpipe models 
[2026-06-22 19:09:42] loaded udpipe model:  croatian 
[2026-06-22 19:09:44] extend  kraljevic  ( kraljevic.rds )  start= 60  stop= 500  nsim=100 
[2026-06-22 19:09:44] start  kraljevic  ->  simulations/refined/kraljevic.rds 
[2026-06-22 19:09:44] imported  kraljevic  rows:  2873 
[2026-06-22 19:09:44] sampling  1000  rows for  kraljevic  test run 
[2026-06-23 07:51:09] starting extension run for  1  jobs 
[2026-06-23 07:51:09] loading udpipe models 
[2026-06-23 07:51:10] loaded udpipe model:  croatian 
[2026-06-23 07:51:11] extend  kraljevic  ( kraljevic.rds )  start= 60  stop= 300  nsim=100 
[2026-06-23 07:51:11] start  kraljevic  ->  simulations/refined/kraljevic.rds 
[2026-06-23 07:51:12] imported  kraljevic  rows:  2873 
[2026-06-23 07:51:12] sampling  1000  rows for  kraljevic  test run 
[2026-06-23 08:57:09] done  kraljevic  ->  simulations/refined/kraljevic.rds 
[2026-06-23 08:57:10] extension run complete 
